# JRE version: Java(TM) SE Runtime Environment (8.0_201-b09) (build 1.8.0_201-b09)
# Java VM: Java HotSpot(TM) 64-Bit Server VM (25.201-b09 mixed mode bsd-amd64 compressed oops)
Heap:
 PSYoungGen      total 158720K, used 110178K [0x0000000780000000, 0x000000078aa80000, 0x00000007c0000000)
  eden space 150016K, 73% used [0x0000000780000000,0x0000000786b98bf8,0x0000000789280000)
  from space 8704K, 0% used [0x000000078a200000,0x000000078a200000,0x000000078aa80000)
  to   space 11264K, 0% used [0x0000000789480000,0x0000000789480000,0x0000000789f80000)
 ParOldGen       total 76288K, used 12830K [0x0000000700000000, 0x0000000704a80000, 0x0000000780000000)
  object space 76288K, 16% used [0x0000000700000000,0x0000000700c87ad8,0x0000000704a80000)
 Metaspace       used 38825K, capacity 40832K, committed 41216K, reserved 1085440K
  class space    used 5124K, capacity 5518K, committed 5632K, reserved 1048576K
GC Heap History (10 events):
Event: 14.137 GC heap before
{Heap before GC invocations=6 (full 1):
 PSYoungGen      total 56320K, used 49152K [0x0000000780000000, 0x0000000786f00000, 0x00000007c0000000)
  eden space 49152K, 100% used [0x0000000780000000,0x0000000783000000,0x0000000783000000)
  from space 7168K, 0% used [0x0000000786800000,0x0000000786800000,0x0000000786f00000)
  to   space 8192K, 0% used [0x0000000785f00000,0x0000000785f00000,0x0000000786700000)
 ParOldGen       total 70144K, used 6677K [0x0000000700000000, 0x0000000704480000, 0x0000000780000000)
  object space 70144K, 9% used [0x0000000700000000,0x00000007006854d0,0x0000000704480000)
 Metaspace       used 22406K, capacity 23270K, committed 23424K, reserved 1069056K
  class space    used 2894K, capacity 3108K, committed 3200K, reserved 1048576K
Event: 14.145 GC heap after
Heap after GC invocations=6 (full 1):
 PSYoungGen      total 88576K, used 3483K [0x0000000780000000, 0x0000000786880000, 0x00000007c0000000)
  eden space 84992K, 0% used [0x0000000780000000,0x0000000780000000,0x0000000785300000)
  from space 3584K, 97% used [0x0000000785f00000,0x0000000786266cc8,0x0000000786280000)
  to   space 6144K, 0% used [0x0000000786280000,0x0000000786280000,0x0000000786880000)
 ParOldGen       total 70144K, used 6685K [0x0000000700000000, 0x0000000704480000, 0x0000000780000000)
  object space 70144K, 9% used [0x0000000700000000,0x00000007006874d0,0x0000000704480000)
 Metaspace       used 22406K, capacity 23270K, committed 23424K, reserved 1069056K
  class space    used 2894K, capacity 3108K, committed 3200K, reserved 1048576K
}
Event: 15.259 GC heap before
{Heap before GC invocations=7 (full 1):
 PSYoungGen      total 88576K, used 88475K [0x0000000780000000, 0x0000000786880000, 0x00000007c0000000)
  eden space 84992K, 100% used [0x0000000780000000,0x0000000785300000,0x0000000785300000)
  from space 3584K, 97% used [0x0000000785f00000,0x0000000786266cc8,0x0000000786280000)
  to   space 6144K, 0% used [0x0000000786280000,0x0000000786280000,0x0000000786880000)
 ParOldGen       total 70144K, used 6685K [0x0000000700000000, 0x0000000704480000, 0x0000000780000000)
  object space 70144K, 9% used [0x0000000700000000,0x00000007006874d0,0x0000000704480000)
 Metaspace       used 26904K, capacity 28332K, committed 28416K, reserved 1073152K
  class space    used 3496K, capacity 3787K, committed 3840K, reserved 1048576K
Event: 15.274 GC heap after
Heap after GC invocations=7 (full 1):
 PSYoungGen      total 97792K, used 6139K [0x0000000780000000, 0x000000078a280000, 0x00000007c0000000)
  eden space 91648K, 0% used [0x0000000780000000,0x0000000780000000,0x0000000785980000)
  from space 6144K, 99% used [0x0000000786280000,0x000000078687ef40,0x0000000786880000)
  to   space 9216K, 0% used [0x0000000785980000,0x0000000785980000,0x0000000786280000)
 ParOldGen       total 70144K, used 7934K [0x0000000700000000, 0x0000000704480000, 0x0000000780000000)
  object space 70144K, 11% used [0x0000000700000000,0x00000007007bfa20,0x0000000704480000)
 Metaspace       used 26904K, capacity 28332K, committed 28416K, reserved 1073152K
  class space    used 3496K, capacity 3787K, committed 3840K, reserved 1048576K
}
Event: 33.083 GC heap before
{Heap before GC invocations=8 (full 1):
 PSYoungGen      total 97792K, used 97787K [0x0000000780000000, 0x000000078a280000, 0x00000007c0000000)
  eden space 91648K, 100% used [0x0000000780000000,0x0000000785980000,0x0000000785980000)
  from space 6144K, 99% used [0x0000000786280000,0x000000078687ef40,0x0000000786880000)
  to   space 9216K, 0% used [0x0000000785980000,0x0000000785980000,0x0000000786280000)
 ParOldGen       total 70144K, used 7934K [0x0000000700000000, 0x0000000704480000, 0x0000000780000000)
  object space 70144K, 11% used [0x0000000700000000,0x00000007007bfa20,0x0000000704480000)
 Metaspace       used 31314K, capacity 33136K, committed 33152K, reserved 1077248K
  class space    used 4127K, capacity 4474K, committed 4480K, reserved 1048576K
Event: 33.102 GC heap after
Heap after GC invocations=8 (full 1):
 PSYoungGen      total 100864K, used 9207K [0x0000000780000000, 0x000000078ac80000, 0x00000007c0000000)
  eden space 91648K, 0% used [0x0000000780000000,0x0000000780000000,0x0000000785980000)
  from space 9216K, 99% used [0x0000000785980000,0x000000078627ddc0,0x0000000786280000)
  to   space 10752K, 0% used [0x000000078a200000,0x000000078a200000,0x000000078ac80000)
 ParOldGen       total 70144K, used 8440K [0x0000000700000000, 0x0000000704480000, 0x0000000780000000)
  object space 70144K, 12% used [0x0000000700000000,0x000000070083e1c0,0x0000000704480000)
 Metaspace       used 31314K, capacity 33136K, committed 33152K, reserved 1077248K
  class space    used 4127K, capacity 4474K, committed 4480K, reserved 1048576K
}
Event: 65.887 GC heap before
{Heap before GC invocations=9 (full 1):
 PSYoungGen      total 100864K, used 58772K [0x0000000780000000, 0x000000078ac80000, 0x00000007c0000000)
  eden space 91648K, 54% used [0x0000000780000000,0x0000000783067370,0x0000000785980000)
  from space 9216K, 99% used [0x0000000785980000,0x000000078627ddc0,0x0000000786280000)
  to   space 10752K, 0% used [0x000000078a200000,0x000000078a200000,0x000000078ac80000)
 ParOldGen       total 70144K, used 8440K [0x0000000700000000, 0x0000000704480000, 0x0000000780000000)
  object space 70144K, 12% used [0x0000000700000000,0x000000070083e1c0,0x0000000704480000)
 Metaspace       used 33417K, capacity 35246K, committed 35416K, reserved 1079296K
  class space    used 4384K, capacity 4741K, committed 4864K, reserved 1048576K
Event: 65.914 GC heap after
Heap after GC invocations=9 (full 1):
 PSYoungGen      total 158720K, used 8634K [0x0000000780000000, 0x000000078aa80000, 0x00000007c0000000)
  eden space 150016K, 0% used [0x0000000780000000,0x0000000780000000,0x0000000789280000)
  from space 8704K, 99% used [0x000000078a200000,0x000000078aa6e9f8,0x000000078aa80000)
  to   space 11264K, 0% used [0x0000000789480000,0x0000000789480000,0x0000000789f80000)
 ParOldGen       total 70144K, used 8448K [0x0000000700000000, 0x0000000704480000, 0x0000000780000000)
  object space 70144K, 12% used [0x0000000700000000,0x00000007008401c0,0x0000000704480000)
 Metaspace       used 33417K, capacity 35246K, committed 35416K, reserved 1079296K
  class space    used 4384K, capacity 4741K, committed 4864K, reserved 1048576K
}
Event: 65.914 GC heap before
{Heap before GC invocations=10 (full 2):
 PSYoungGen      total 158720K, used 8634K [0x0000000780000000, 0x000000078aa80000, 0x00000007c0000000)
  eden space 150016K, 0% used [0x0000000780000000,0x0000000780000000,0x0000000789280000)
  from space 8704K, 99% used [0x000000078a200000,0x000000078aa6e9f8,0x000000078aa80000)
  to   space 11264K, 0% used [0x0000000789480000,0x0000000789480000,0x0000000789f80000)
 ParOldGen       total 70144K, used 8448K [0x0000000700000000, 0x0000000704480000, 0x0000000780000000)
  object space 70144K, 12% used [0x0000000700000000,0x00000007008401c0,0x0000000704480000)
 Metaspace       used 33417K, capacity 35246K, committed 35416K, reserved 1079296K
  class space    used 4384K, capacity 4741K, committed 4864K, reserved 1048576K
Event: 66.024 GC heap after
Heap after GC invocations=10 (full 2):
 PSYoungGen      total 158720K, used 0K [0x0000000780000000, 0x000000078aa80000, 0x00000007c0000000)
  eden space 150016K, 0% used [0x0000000780000000,0x0000000780000000,0x0000000789280000)
  from space 8704K, 0% used [0x000000078a200000,0x000000078a200000,0x000000078aa80000)
  to   space 11264K, 0% used [0x0000000789480000,0x0000000789480000,0x0000000789f80000)
 ParOldGen       total 76288K, used 12830K [0x0000000700000000, 0x0000000704a80000, 0x0000000780000000)
  object space 76288K, 16% used [0x0000000700000000,0x0000000700c87ad8,0x0000000704a80000)
 Metaspace       used 33417K, capacity 35246K, committed 35416K, reserved 1079296K
  class space    used 4384K, capacity 4741K, committed 4864K, reserved 1048576K
}

