-------------------------------------------------------------------------------
Test set: com.redhat.consultingbr.testekieserver.TesteKieserverApplicationTests
-------------------------------------------------------------------------------
Tests run: 1, Failures: 0, Errors: 1, Skipped: 0, Time elapsed: 17.339 s <<< FAILURE! - in com.redhat.consultingbr.testekieserver.TesteKieserverApplicationTests
contextLoads  Time elapsed: 0.001 s  <<< ERROR!
java.lang.NoClassDefFoundError: com/fasterxml/jackson/databind/exc/InvalidDefinitionException
Caused by: java.lang.ClassNotFoundException: com.fasterxml.jackson.databind.exc.InvalidDefinitionException

